<?xml version="1.0" encoding="UTF-8"?>
<testng-results ignored="0" total="1" passed="1" failed="0" skipped="0">
  <reporter-output>
  </reporter-output>
  <suite started-at="2022-01-24T11:30:20 IST" name="Default suite" finished-at="2022-01-24T11:38:32 IST" duration-ms="492197">
    <groups>
    </groups>
    <test started-at="2022-01-24T11:30:20 IST" name="Default test" finished-at="2022-01-24T11:38:32 IST" duration-ms="492197">
      <class name="functionality.F">
        <test-method signature="itime()[pri:0, instance:functionality.F@74455848]" started-at="2022-01-24T11:30:20 IST" name="itime" finished-at="2022-01-24T11:38:32 IST" duration-ms="492062" status="PASS">
          <reporter-output>
          </reporter-output>
        </test-method> <!-- itime -->
      </class> <!-- functionality.F -->
    </test> <!-- Default test -->
  </suite> <!-- Default suite -->
</testng-results>
